[17:52:07] [Client thread/INFO]: Setting user: Player39
[17:52:08] [Client thread/INFO]: [OptiFine] *** Reflector Forge ***
[17:52:08] [Client thread/INFO]: [OptiFine] *** Reflector Vanilla ***
[17:52:08] [Client thread/INFO]: [OptiFine] (Reflector) Class not present: net.minecraftforge.client.settings.KeyConflictContext
[17:52:08] [Client thread/WARN]: Skipping bad option: lastServer:
[17:52:08] [Client thread/INFO]: [OptiFine] (Reflector) Class not present: net.minecraftforge.client.settings.KeyModifier
[17:52:08] [Client thread/INFO]: [OptiFine] (Reflector) Class not present: net.minecraftforge.fml.common.eventhandler.Event$Result
[17:52:08] [Client thread/INFO]: [OptiFine] (Reflector) Class not present: net.minecraft.launchwrapper.Launch
[17:52:08] [Client thread/INFO]: LWJGL Version: 2.9.4
[17:52:08] [Client thread/INFO]: [OptiFine] 
[17:52:08] [Client thread/INFO]: [OptiFine] OptiFine_1.12.2_HD_U_G5
[17:52:08] [Client thread/INFO]: [OptiFine] Build: null
[17:52:08] [Client thread/INFO]: [OptiFine] OS: Windows 10 (amd64) version 10.0
[17:52:08] [Client thread/INFO]: [OptiFine] Java: 1.8.0_291, Oracle Corporation
[17:52:08] [Client thread/INFO]: [OptiFine] VM: Java HotSpot(TM) 64-Bit Server VM (mixed mode), Oracle Corporation
[17:52:08] [Client thread/INFO]: [OptiFine] LWJGL: 2.9.4
[17:52:08] [Client thread/INFO]: [OptiFine] OpenGL: Intel(R) Iris(R) Xe Graphics, version 4.6.0 - Build 32.0.101.7077, Intel
[17:52:08] [Client thread/INFO]: [OptiFine] OpenGL Version: 4.6.0
[17:52:08] [Client thread/INFO]: [OptiFine] OpenGL Fancy fog: Not available (GL_NV_fog_distance)
[17:52:08] [Client thread/INFO]: [OptiFine] Maximum texture size: 16384x16384
[17:52:08] [VersionCheck/INFO]: [OptiFine] Checking for new version
[17:52:08] [Client thread/INFO]: [Shaders] OpenGL Version: 4.6.0 - Build 32.0.101.7077
[17:52:08] [Client thread/INFO]: [Shaders] Vendor:  Intel
[17:52:08] [Client thread/INFO]: [Shaders] Renderer: Intel(R) Iris(R) Xe Graphics
[17:52:08] [Client thread/INFO]: [Shaders] Capabilities:  2.0  2.1  3.0  3.2  4.0 
[17:52:08] [Client thread/INFO]: [Shaders] GL_MAX_DRAW_BUFFERS: 8
[17:52:08] [Client thread/INFO]: [Shaders] GL_MAX_COLOR_ATTACHMENTS_EXT: 8
[17:52:08] [Client thread/INFO]: [Shaders] GL_MAX_TEXTURE_IMAGE_UNITS: 32
[17:52:08] [Client thread/INFO]: [Shaders] Load shaders configuration.
[17:52:08] [Client thread/INFO]: [Shaders] Save shaders configuration.
[17:52:08] [Client thread/INFO]: [Shaders] No shaderpack loaded.
[17:52:08] [Client thread/INFO]: [OptiFine] (Reflector) Class not present: net.minecraftforge.fml.common.Loader
[17:52:08] [Client thread/INFO]: [OptiFine] (Reflector) Class not present: net.minecraftforge.fml.client.SplashProgress
[17:52:08] [Client thread/INFO]: Reloading ResourceManager: Default, !Green Default.zip
[17:52:08] [Client thread/INFO]: [OptiFine] (Reflector) Class not present: optifine.OptiFineClassTransformer
[17:52:08] [Client thread/INFO]: [OptiFine] *** Reloading textures ***
[17:52:08] [Client thread/INFO]: [OptiFine] Resource packs: !Green Default.zip
[17:52:08] [Client thread/INFO]: [OptiFine] (Reflector) Class not present: net.minecraftforge.client.model.Attributes
[17:52:08] [Client thread/INFO]: [OptiFine] (Reflector) Method not present: net.minecraft.client.renderer.vertex.VertexFormatElement$EnumUsage.preDraw
[17:52:08] [Client thread/INFO]: [OptiFine] (Reflector) Method not present: net.minecraft.client.renderer.vertex.VertexFormatElement$EnumUsage.postDraw
[17:52:08] [Sound Library Loader/INFO]: Starting up SoundSystem...
[17:52:08] [Client thread/INFO]: [OptiFine] Loading mcpatcher/font/ascii.properties
[17:52:08] [Client thread/INFO]: [OptiFine] Loading mcpatcher/font/ascii_sga.properties
[17:52:08] [Client thread/INFO]: [OptiFine] (Reflector) Method not present: net.minecraft.client.renderer.block.model.ModelBlockDefinition.parseFromReader
[17:52:08] [Client thread/INFO]: [OptiFine] (Reflector) Field not present: net.minecraft.item.Item.delegate
[17:52:09] [VersionCheck/INFO]: [OptiFine] Version found: G5
[17:52:09] [Thread-3/INFO]: Initializing LWJGL OpenAL
[17:52:09] [Thread-3/INFO]: (The LWJGL binding of OpenAL.  For more information, see http://www.lwjgl.org)
[17:52:09] [Client thread/INFO]: [OptiFine] (Reflector) Class not present: net.minecraftforge.client.ForgeHooksClient
[17:52:10] [Thread-3/INFO]: OpenAL initialized.
[17:52:10] [Sound Library Loader/INFO]: Sound engine started
[17:52:10] [Client thread/INFO]: [OptiFine] Mipmap levels: 4
[17:52:10] [Client thread/INFO]: [OptiFine] Multitexture: false
[17:52:10] [Client thread/INFO]: [OptiFine] ConnectedTextures: mcpatcher/ctm/glass/glass.properties
[17:52:10] [Client thread/INFO]: [OptiFine] Multipass connected textures: false
[17:52:10] [Client thread/INFO]: [OptiFine] ConnectedTextures: mcpatcher/ctm/default/0_glass_white/glass_pane_white.properties
[17:52:10] [Client thread/INFO]: [OptiFine] ConnectedTextures: mcpatcher/ctm/default/0_glass_white/glass_white.properties
[17:52:10] [Client thread/INFO]: [OptiFine] ConnectedTextures: mcpatcher/ctm/default/10_glass_purple/glass_pane_purple.properties
[17:52:10] [Client thread/INFO]: [OptiFine] ConnectedTextures: mcpatcher/ctm/default/10_glass_purple/glass_purple.properties
[17:52:10] [Client thread/INFO]: [OptiFine] ConnectedTextures: mcpatcher/ctm/default/11_glass_blue/glass_blue.properties
[17:52:10] [Client thread/INFO]: [OptiFine] ConnectedTextures: mcpatcher/ctm/default/11_glass_blue/glass_pane_blue.properties
[17:52:10] [Client thread/INFO]: [OptiFine] ConnectedTextures: mcpatcher/ctm/default/12_glass_brown/glass_brown.properties
[17:52:10] [Client thread/INFO]: [OptiFine] ConnectedTextures: mcpatcher/ctm/default/12_glass_brown/glass_pane_brown.properties
[17:52:10] [Client thread/INFO]: [OptiFine] ConnectedTextures: mcpatcher/ctm/default/13_glass_green/glass_green.properties
[17:52:10] [Client thread/INFO]: [OptiFine] ConnectedTextures: mcpatcher/ctm/default/13_glass_green/glass_pane_green.properties
[17:52:10] [Client thread/INFO]: [OptiFine] ConnectedTextures: mcpatcher/ctm/default/14_glass_red/glass_pane_red.properties
[17:52:10] [Client thread/INFO]: [OptiFine] ConnectedTextures: mcpatcher/ctm/default/14_glass_red/glass_red.properties
[17:52:10] [Client thread/INFO]: [OptiFine] ConnectedTextures: mcpatcher/ctm/default/15_glass_black/glass_black.properties
[17:52:10] [Client thread/INFO]: [OptiFine] ConnectedTextures: mcpatcher/ctm/default/15_glass_black/glass_pane_black.properties
[17:52:10] [Client thread/INFO]: [OptiFine] ConnectedTextures: mcpatcher/ctm/default/1_glass_orange/glass_orange.properties
[17:52:10] [Client thread/INFO]: [OptiFine] ConnectedTextures: mcpatcher/ctm/default/1_glass_orange/glass_pane_orange.properties
[17:52:10] [Client thread/INFO]: [OptiFine] ConnectedTextures: mcpatcher/ctm/default/2_glass_magenta/glass_magenta.properties
[17:52:10] [Client thread/INFO]: [OptiFine] ConnectedTextures: mcpatcher/ctm/default/2_glass_magenta/glass_pane_magenta.properties
[17:52:10] [Client thread/INFO]: [OptiFine] ConnectedTextures: mcpatcher/ctm/default/3_glass_light_blue/glass_light_blue.properties
[17:52:10] [Client thread/INFO]: [OptiFine] ConnectedTextures: mcpatcher/ctm/default/3_glass_light_blue/glass_pane_light_blue.properties
[17:52:10] [Client thread/INFO]: [OptiFine] ConnectedTextures: mcpatcher/ctm/default/4_glass_yellow/glass_pane_yellow.properties
[17:52:10] [Client thread/INFO]: [OptiFine] ConnectedTextures: mcpatcher/ctm/default/4_glass_yellow/glass_yellow.properties
[17:52:10] [Client thread/INFO]: [OptiFine] ConnectedTextures: mcpatcher/ctm/default/5_glass_lime/glass_lime.properties
[17:52:10] [Client thread/INFO]: [OptiFine] ConnectedTextures: mcpatcher/ctm/default/5_glass_lime/glass_pane_lime.properties
[17:52:10] [Client thread/INFO]: [OptiFine] ConnectedTextures: mcpatcher/ctm/default/6_glass_pink/glass_pane_pink.properties
[17:52:10] [Client thread/INFO]: [OptiFine] ConnectedTextures: mcpatcher/ctm/default/6_glass_pink/glass_pink.properties
[17:52:10] [Client thread/INFO]: [OptiFine] ConnectedTextures: mcpatcher/ctm/default/7_glass_gray/glass_gray.properties
[17:52:10] [Client thread/INFO]: [OptiFine] ConnectedTextures: mcpatcher/ctm/default/7_glass_gray/glass_pane_gray.properties
[17:52:10] [Client thread/INFO]: [OptiFine] ConnectedTextures: mcpatcher/ctm/default/8_glass_silver/glass_pane_silver.properties
[17:52:10] [Client thread/INFO]: [OptiFine] ConnectedTextures: mcpatcher/ctm/default/8_glass_silver/glass_silver.properties
[17:52:10] [Client thread/INFO]: [OptiFine] ConnectedTextures: mcpatcher/ctm/default/9_glass_cyan/glass_cyan.properties
[17:52:10] [Client thread/INFO]: [OptiFine] ConnectedTextures: mcpatcher/ctm/default/9_glass_cyan/glass_pane_cyan.properties
[17:52:10] [Client thread/INFO]: [OptiFine] ConnectedTextures: mcpatcher/ctm/default/bookshelf.properties
[17:52:10] [Client thread/INFO]: [OptiFine] ConnectedTextures: mcpatcher/ctm/default/glass.properties
[17:52:10] [Client thread/INFO]: [OptiFine] ConnectedTextures: mcpatcher/ctm/default/glasspane.properties
[17:52:10] [Client thread/INFO]: [OptiFine] Multipass connected textures: false
[17:52:10] [Client thread/INFO]: [OptiFine] BetterGrass: Parsing default configuration optifine/bettergrass.properties
[17:52:11] [Client thread/INFO]: [OptiFine] Scaled too small texture: minecraft:blocks/coal_ore, 1 -> 16
[17:52:11] [Client thread/INFO]: [OptiFine] Scaled too small texture: minecraft:blocks/lapis_ore, 1 -> 16
[17:52:11] [Client thread/INFO]: [OptiFine] Scaled too small texture: minecraft:blocks/iron_ore, 1 -> 16
[17:52:11] [Client thread/INFO]: [OptiFine] Scaled too small texture: minecraft:blocks/diamond_ore, 1 -> 16
[17:52:11] [Client thread/INFO]: [OptiFine] Scaled too small texture: minecraft:blocks/emerald_ore, 1 -> 16
[17:52:11] [Client thread/INFO]: [OptiFine] Scaled too small texture: minecraft:blocks/gold_ore, 1 -> 16
[17:52:12] [Client thread/INFO]: [OptiFine] Scaled too small texture: minecraft:blocks/redstone_ore, 1 -> 16
[17:52:12] [Client thread/INFO]: Created: 1024x512 textures-atlas
[17:52:12] [Client thread/INFO]: [OptiFine] Animated sprites: 23
[17:52:12] [Client thread/INFO]: [OptiFine] (Reflector) Class not present: net.minecraftforge.common.ForgeModContainer
[17:52:12] [Client thread/INFO]: [OptiFine] (Reflector) Class not present: net.minecraftforge.client.ItemModelMesherForge
[17:52:12] [Client thread/INFO]: [OptiFine] (Reflector) Class not present: net.minecraftforge.client.model.ModelLoader
[17:52:12] [Client thread/INFO]: [OptiFine] (Reflector) Class not present: net.minecraftforge.fml.client.registry.RenderingRegistry
[17:52:13] [Client thread/INFO]: Narrator library for x64 successfully loaded
[17:52:13] [Client thread/INFO]: [OptiFine] (Reflector) Class not present: net.minecraftforge.fml.client.GuiModList
[17:52:13] [Client thread/INFO]: [OptiFine] (Reflector) Class not present: net.minecraftforge.client.gui.NotificationModUpdateScreen
[17:52:13] [Client thread/INFO]: [OptiFine] (Reflector) Class not present: mods.betterfoliage.client.BetterFoliageClient
[17:52:13] [Client thread/INFO]: [OptiFine] (Reflector) Class not present: net.minecraftforge.event.world.ChunkWatchEvent$UnWatch
[17:52:13] [Client thread/INFO]: [OptiFine] (Reflector) Class not present: net.minecraftforge.fml.relauncher.CoreModManager
[17:52:13] [Client thread/INFO]: [OptiFine] (Reflector) Class not present: net.minecraftforge.common.DimensionManager
[17:52:13] [Client thread/INFO]: [OptiFine] (Reflector) Class not present: net.minecraftforge.client.event.GuiScreenEvent$DrawScreenEvent$Pre
[17:52:13] [Client thread/INFO]: [OptiFine] (Reflector) Class not present: net.minecraftforge.client.event.GuiScreenEvent$DrawScreenEvent$Post
[17:52:13] [Client thread/INFO]: [OptiFine] (Reflector) Class not present: net.minecraftforge.client.event.EntityViewRenderEvent$CameraSetup
[17:52:13] [Client thread/INFO]: [OptiFine] (Reflector) Class not present: net.minecraftforge.client.event.EntityViewRenderEvent$FogColors
[17:52:13] [Client thread/INFO]: [OptiFine] (Reflector) Class not present: net.minecraftforge.client.event.EntityViewRenderEvent$RenderFogEvent
[17:52:13] [Client thread/INFO]: [OptiFine] (Reflector) Class not present: net.minecraftforge.fml.common.eventhandler.Event
[17:52:13] [Client thread/INFO]: [OptiFine] (Reflector) Class not present: net.minecraftforge.fml.common.eventhandler.EventBus
[17:52:13] [Client thread/INFO]: [OptiFine] (Reflector) Class not present: net.minecraftforge.common.property.ExtendedBlockState
[17:52:13] [Client thread/INFO]: [OptiFine] (Reflector) Class not present: net.minecraftforge.fml.client.FMLClientHandler
[17:52:13] [Client thread/INFO]: [OptiFine] (Reflector) Class not present: net.minecraftforge.fml.common.FMLCommonHandler
[17:52:13] [Client thread/INFO]: [OptiFine] (Reflector) Method not present: net.minecraft.client.renderer.ActiveRenderInfo.getCameraPosition
[17:52:13] [Client thread/INFO]: [OptiFine] (Reflector) Method not present: net.minecraft.client.renderer.ActiveRenderInfo.updateRenderInfo
[17:52:13] [Client thread/INFO]: [OptiFine] (Reflector) Method not present: net.minecraft.world.biome.Biome.getWaterColorMultiplier
[17:52:13] [Client thread/INFO]: [OptiFine] (Reflector) Method not present: net.minecraft.world.biome.Biome$SpawnListEntry.newInstance
[17:52:13] [Client thread/INFO]: [OptiFine] (Reflector) Method not present: net.minecraft.block.Block.addDestroyEffects
[17:52:13] [Client thread/INFO]: [OptiFine] (Reflector) Method not present: net.minecraft.block.Block.addHitEffects
[17:52:13] [Client thread/INFO]: [OptiFine] (Reflector) Method not present: net.minecraft.block.Block.canCreatureSpawn
[17:52:13] [Client thread/INFO]: [OptiFine] (Reflector) Method not present: net.minecraft.block.Block.canRenderInLayer
[17:52:13] [Client thread/INFO]: [OptiFine] (Reflector) Method not present: net.minecraft.block.Block.doesSideBlockRendering
[17:52:13] [Client thread/INFO]: [OptiFine] (Reflector) Method not present: net.minecraft.block.Block.doesSideBlockChestOpening
[17:52:13] [Client thread/INFO]: [OptiFine] (Reflector) Method not present: net.minecraft.block.Block.getBedDirection
[17:52:13] [Client thread/INFO]: [OptiFine] (Reflector) Method not present: net.minecraft.block.Block.getExtendedState
[17:52:13] [Client thread/INFO]: [OptiFine] (Reflector) Method not present: net.minecraft.block.Block.getFogColor
[17:52:13] [Client thread/INFO]: [OptiFine] (Reflector) Method not present: net.minecraft.block.Block.getLightOpacity
[17:52:13] [Client thread/INFO]: [OptiFine] (Reflector) Method not present: net.minecraft.block.Block.getLightValue
[17:52:13] [Client thread/INFO]: [OptiFine] (Reflector) Method not present: net.minecraft.block.Block.getSoundType
[17:52:13] [Client thread/INFO]: [OptiFine] (Reflector) Method not present: net.minecraft.block.Block.hasTileEntity
[17:52:13] [Client thread/INFO]: [OptiFine] (Reflector) Method not present: net.minecraft.block.Block.isAir
[17:52:13] [Client thread/INFO]: [OptiFine] (Reflector) Method not present: net.minecraft.block.Block.isBed
[17:52:13] [Client thread/INFO]: [OptiFine] (Reflector) Method not present: net.minecraft.block.Block.isBedFoot
[17:52:13] [Client thread/INFO]: [OptiFine] (Reflector) Method not present: net.minecraft.block.Block.isSideSolid
[17:52:13] [Client thread/INFO]: [OptiFine] (Reflector) Method not present: net.minecraft.client.renderer.block.model.IBakedModel.isAmbientOcclusion
[17:52:13] [Client thread/INFO]: [OptiFine] (Reflector) Method not present: net.minecraft.block.state.IBlockProperties.getLightValue
[17:52:13] [Client thread/INFO]: [OptiFine] (Reflector) Method not present: net.minecraft.world.ChunkCache.isSideSolid
[17:52:13] [Client thread/INFO]: [OptiFine] (Reflector) Method not present: net.minecraft.entity.Entity.canRiderInteract
[17:52:13] [Client thread/INFO]: [OptiFine] (Reflector) Field not present: net.minecraft.entity.Entity.captureDrops
[17:52:13] [Client thread/INFO]: [OptiFine] (Reflector) Field not present: net.minecraft.entity.Entity.capturedDrops
[17:52:13] [Client thread/INFO]: [OptiFine] (Reflector) Method not present: net.minecraft.entity.Entity.shouldRenderInPass
[17:52:13] [Client thread/INFO]: [OptiFine] (Reflector) Method not present: net.minecraft.entity.Entity.shouldRiderSit
[17:52:13] [Client thread/INFO]: [OptiFine] (Reflector) Method not present: net.minecraft.entity.EntityList.getClass
[17:52:13] [Client thread/INFO]: [OptiFine] (Reflector) Method not present: net.minecraft.entity.EntityList.getID
[17:52:13] [Client thread/INFO]: [OptiFine] (Reflector) Class not present: net.minecraftforge.event.ForgeEventFactory
[17:52:13] [Client thread/INFO]: [OptiFine] (Reflector) Class not present: net.minecraftforge.common.ForgeHooks
[17:52:13] [Client thread/INFO]: [OptiFine] (Reflector) Method not present: net.minecraft.item.Item.getDurabilityForDisplay
[17:52:13] [Client thread/INFO]: [OptiFine] (Reflector) Method not present: net.minecraft.item.Item.getEquipmentSlot
[17:52:13] [Client thread/INFO]: [OptiFine] (Reflector) Method not present: net.minecraft.item.Item.getTileEntityItemStackRenderer
[17:52:13] [Client thread/INFO]: [OptiFine] (Reflector) Method not present: net.minecraft.item.Item.getRGBDurabilityForDisplay
[17:52:13] [Client thread/INFO]: [OptiFine] (Reflector) Method not present: net.minecraft.item.Item.isShield
[17:52:13] [Client thread/INFO]: [OptiFine] (Reflector) Method not present: net.minecraft.item.Item.onEntitySwing
[17:52:13] [Client thread/INFO]: [OptiFine] (Reflector) Method not present: net.minecraft.item.Item.shouldCauseReequipAnimation
[17:52:13] [Client thread/INFO]: [OptiFine] (Reflector) Method not present: net.minecraft.item.Item.showDurabilityBar
[17:52:13] [Client thread/INFO]: [OptiFine] (Reflector) Method not present: net.minecraft.item.ItemArmor.hasOverlay
[17:52:13] [Client thread/INFO]: [OptiFine] (Reflector) Method not present: net.minecraft.client.settings.KeyBinding.setKeyConflictContext
[17:52:13] [Client thread/INFO]: [OptiFine] (Reflector) Method not present: net.minecraft.client.settings.KeyBinding.setKeyModifierAndCode
[17:52:13] [Client thread/INFO]: [OptiFine] (Reflector) Method not present: net.minecraft.client.settings.KeyBinding.getKeyModifier
[17:52:13] [Client thread/INFO]: [OptiFine] (Reflector) Method not present: net.minecraft.potion.Potion.shouldRenderHUD
[17:52:13] [Client thread/INFO]: [OptiFine] (Reflector) Method not present: net.minecraft.potion.Potion.renderHUDEffect
[17:52:13] [Client thread/INFO]: [OptiFine] (Reflector) Method not present: net.minecraft.potion.PotionEffect.isCurativeItem
[17:52:13] [Client thread/INFO]: [OptiFine] (Reflector) Method not present: net.minecraft.tileentity.TileEntity.canRenderBreaking
[17:52:13] [Client thread/INFO]: [OptiFine] (Reflector) Method not present: net.minecraft.tileentity.TileEntity.getRenderBoundingBox
[17:52:13] [Client thread/INFO]: [OptiFine] (Reflector) Method not present: net.minecraft.tileentity.TileEntity.hasFastRenderer
[17:52:13] [Client thread/INFO]: [OptiFine] (Reflector) Method not present: net.minecraft.tileentity.TileEntity.shouldRenderInPass
[17:52:13] [Client thread/INFO]: [OptiFine] (Reflector) Method not present: net.minecraft.world.World.countEntities
[17:52:13] [Client thread/INFO]: [OptiFine] (Reflector) Method not present: net.minecraft.world.World.getPerWorldStorage
[17:52:13] [Client thread/INFO]: [OptiFine] (Reflector) Method not present: net.minecraft.world.World.initCapabilities
[17:52:13] [Client thread/INFO]: [OptiFine] (Reflector) Method not present: net.minecraft.world.WorldProvider.getCloudRenderer
[17:52:13] [Client thread/INFO]: [OptiFine] (Reflector) Method not present: net.minecraft.world.WorldProvider.getSkyRenderer
[17:52:13] [Client thread/INFO]: [OptiFine] (Reflector) Method not present: net.minecraft.world.WorldProvider.getWeatherRenderer
[17:52:13] [Client thread/INFO]: [OptiFine] (Reflector) Method not present: net.minecraft.world.WorldProvider.getLightmapColors
[17:52:13] [Client thread/INFO]: [OptiFine] (Reflector) Method not present: net.minecraft.world.WorldProvider.getSaveFolder
[17:52:13] [Client thread/INFO]: [OptiFine] (Reflector) Class not present: net.minecraftforge.common.property.IExtendedBlockState
[17:52:13] [Client thread/INFO]: [OptiFine] (Reflector) Class not present: net.minecraftforge.registries.IForgeRegistryEntry$Impl
[17:52:13] [Client thread/INFO]: [OptiFine] (Reflector) Class not present: net.minecraftforge.client.model.IModel
[17:52:13] [Client thread/INFO]: [OptiFine] (Reflector) Class not present: net.minecraftforge.client.IRenderHandler
[17:52:13] [Client thread/INFO]: [OptiFine] (Reflector) Class not present: net.minecraftforge.client.model.pipeline.LightUtil
[17:52:13] [Client thread/INFO]: [OptiFine] (Reflector) Class not present: net.minecraftforge.common.MinecraftForge
[17:52:13] [Client thread/INFO]: [OptiFine] (Reflector) Class not present: net.minecraftforge.client.MinecraftForgeClient
[17:52:13] [Client thread/INFO]: [OptiFine] (Reflector) Class not present: net.minecraftforge.fml.common.ModContainer
[17:52:13] [Client thread/INFO]: [OptiFine] (Reflector) Class not present: net.minecraftforge.client.model.ModelLoader$VanillaLoader
[17:52:13] [Client thread/INFO]: [OptiFine] (Reflector) Class not present: net.minecraftforge.client.model.ModelLoaderRegistry
[17:52:13] [Client thread/INFO]: [OptiFine] (Reflector) Class not present: net.minecraftforge.client.event.RenderBlockOverlayEvent$OverlayType
[17:52:13] [Client thread/INFO]: [OptiFine] (Reflector) Class not present: net.minecraftforge.client.event.RenderItemInFrameEvent
[17:52:13] [Client thread/INFO]: [OptiFine] (Reflector) Class not present: net.minecraftforge.client.event.RenderLivingEvent$Pre
[17:52:13] [Client thread/INFO]: [OptiFine] (Reflector) Class not present: net.minecraftforge.client.event.RenderLivingEvent$Post
[17:52:13] [Client thread/INFO]: [OptiFine] (Reflector) Class not present: net.minecraftforge.client.event.RenderLivingEvent$Specials$Pre
[17:52:13] [Client thread/INFO]: [OptiFine] (Reflector) Class not present: net.minecraftforge.client.event.RenderLivingEvent$Specials$Post
[17:52:13] [Client thread/INFO]: [OptiFine] (Reflector) Class not present: net.minecraftforge.client.event.ScreenshotEvent
[17:52:13] [Client thread/INFO]: [OptiFine] (Reflector) Class not present: net.minecraftforge.client.resource.VanillaResourceType
[17:52:13] [Client thread/INFO]: [OptiFine] (Reflector) Class not present: net.minecraftforge.event.world.WorldEvent$Load
[17:52:13] [Client thread/INFO]: [OptiFine] *** Reloading custom textures ***
[17:52:13] [Client thread/INFO]: [OptiFine] CustomColors: Colormap mcpatcher/lightmap/world0.png
[17:52:13] [Client thread/INFO]: [OptiFine] CustomColors: Loading mcpatcher/color.properties
[17:52:13] [Client thread/INFO]: [OptiFine] CustomColors: lilypad = 6aef3f
[17:52:13] [Client thread/INFO]: [OptiFine] CustomColors: sky.end = FFFFFF
[17:52:13] [Client thread/INFO]: [OptiFine] CustomSky properties: mcpatcher/sky/world0/sky1.properties
[17:52:13] [Client thread/INFO]: [OptiFine] CustomSky properties: mcpatcher/sky/world0/sky2.properties
[17:52:13] [Client thread/INFO]: [OptiFine] CustomSky properties: mcpatcher/sky/world0/sky3.properties
[17:52:13] [Client thread/INFO]: [OptiFine] CustomSky properties: mcpatcher/sky/world0/sky4.properties
[17:52:13] [Client thread/INFO]: [OptiFine] CustomSky properties: mcpatcher/sky/world0/sky5.properties
[17:52:13] [Client thread/INFO]: [OptiFine] CustomSky properties: mcpatcher/sky/world0/sky6.properties
[17:52:13] [Client thread/INFO]: [OptiFine] CustomSky properties: mcpatcher/sky/world0/sky7.properties
[17:52:13] [Client thread/INFO]: [OptiFine] CustomSky properties: mcpatcher/sky/world0/sky8.properties
[17:52:13] [Client thread/INFO]: [OptiFine] CustomSky properties: mcpatcher/sky/world0/sky9.properties
[17:52:13] [Client thread/INFO]: [OptiFine] CustomSky: Texture not found: minecraft:mcpatcher/sky/world0/sky_boxsunsetrays.png
[17:52:13] [Client thread/INFO]: [OptiFine] CustomSky properties: mcpatcher/sky/world0/sky10.properties
[17:52:13] [Client thread/INFO]: [OptiFine] CustomSky: Texture not found: minecraft:mcpatcher/sky/world0/sky_boxsunsetrays2.png
[17:52:13] [Client thread/INFO]: [OptiFine] CustomSky properties: mcpatcher/sky/world0/sky11.properties
[17:52:13] [Client thread/INFO]: [OptiFine] CustomSky: Texture not found: minecraft:mcpatcher/sky/world0/sky_boxsunsetraysdown1.png
[17:52:13] [Client thread/INFO]: [OptiFine] CustomSky properties: mcpatcher/sky/world0/sky12.properties
[17:52:13] [Client thread/INFO]: [OptiFine] CustomSky: Texture not found: minecraft:mcpatcher/sky/world0/sky_boxsunsetrays2.png
[17:52:13] [Client thread/INFO]: [OptiFine] CustomSky properties: mcpatcher/sky/world0/sky13.properties
[17:52:13] [Client thread/INFO]: [OptiFine] CustomSky properties: mcpatcher/sky/world0/sky14.properties
[17:52:13] [Client thread/INFO]: [OptiFine] CustomSky properties: mcpatcher/sky/world0/sky15.properties
[17:52:13] [Client thread/INFO]: [OptiFine] CustomSky properties: mcpatcher/sky/world0/sky16.properties
[17:52:13] [Client thread/INFO]: [OptiFine] CustomSky: Texture not found: minecraft:mcpatcher/sky/world0/sky_nightmagic.png
[17:52:13] [Client thread/INFO]: [OptiFine] CustomSky properties: mcpatcher/sky/world0/sky17.properties
[17:52:13] [Client thread/INFO]: [OptiFine] CustomSky: Texture not found: minecraft:mcpatcher/sky/world0/sky_nightmagic2.png
[17:52:13] [Client thread/INFO]: [OptiFine] CustomSky properties: mcpatcher/sky/world0/sky18.properties
[17:52:14] [Client thread/INFO]: [OptiFine] CustomSky properties: mcpatcher/sky/world0/sky19.properties
[17:52:14] [Client thread/INFO]: [OptiFine] CustomSky properties: mcpatcher/sky/world0/sky20.properties
[17:52:14] [Client thread/INFO]: [OptiFine] CustomSky properties: mcpatcher/sky/world0/sky21.properties
[17:52:14] [Client thread/INFO]: [OptiFine] CustomSky properties: mcpatcher/sky/world0/sky22.properties
[17:52:14] [Client thread/INFO]: [OptiFine] CustomSky properties: mcpatcher/sky/world0/sky23.properties
[17:52:14] [Client thread/INFO]: [OptiFine] CustomSky properties: mcpatcher/sky/world0/sky24.properties
[17:52:14] [Client thread/INFO]: [OptiFine] CustomSky properties: mcpatcher/sky/world0/sky25.properties
[17:52:14] [Client thread/INFO]: [OptiFine] CustomSky properties: mcpatcher/sky/world0/sky26.properties
[17:52:14] [Client thread/INFO]: [OptiFine] CustomSky properties: mcpatcher/sky/world0/sky27.properties
[17:52:14] [Client thread/INFO]: [OptiFine] CustomSky properties: mcpatcher/sky/world0/sky28.properties
[17:52:14] [Client thread/INFO]: [OptiFine] CustomSky properties: mcpatcher/sky/world0/sky29.properties
[17:52:14] [Client thread/INFO]: [OptiFine] CustomSky properties: mcpatcher/sky/world0/sky30.properties
[17:52:14] [Client thread/INFO]: [OptiFine] CustomSky properties: mcpatcher/sky/world0/sky31.properties
[17:52:14] [Client thread/INFO]: [OptiFine] CustomSky properties: mcpatcher/sky/world0/sky32.properties
[17:52:18] [Server thread/INFO]: Starting integrated minecraft server version 1.12.2
[17:52:18] [Server thread/INFO]: Generating keypair
[17:52:18] [Server thread/INFO]: Loaded 488 advancements
[17:52:18] [Server thread/INFO]: Preparing start region for level 0
[17:52:18] [Server thread/INFO]: Changing view distance to 4, from 10
[17:52:19] [Server thread/INFO]: Player39[local:E:410c8f33] logged in with entity id 165 at (-1235.9327874384553, 4.0, 554.9327340050382)
[17:52:19] [Server thread/INFO]: Player39 joined the game
[17:52:20] [Server thread/INFO]: Saving and pausing game...
[17:52:20] [Server thread/INFO]: Saving chunks for level 'New World'/overworld
[17:52:20] [Client thread/INFO]: Loaded 22 advancements
[17:52:20] [Client thread/WARN]: Unable to play empty soundEvent: minecraft:entity.small_slime.jump
[17:52:20] [Server thread/INFO]: Saving chunks for level 'New World'/the_nether
[17:52:20] [Server thread/INFO]: Saving chunks for level 'New World'/the_end
[17:52:20] [Client thread/WARN]: Unable to play empty soundEvent: minecraft:entity.small_slime.squish
[17:52:22] [Server thread/INFO]: Player39 has made the advancement [Monster Hunter]
[17:52:22] [Client thread/INFO]: [CHAT] Player39 has made the advancement [Monster Hunter]
[17:52:22] [Client thread/INFO]: Loaded 32 advancements
[17:52:43] [Client thread/INFO]: Loaded 32 advancements
[17:55:08] [Server thread/INFO]: Saving and pausing game...
[17:55:08] [Server thread/INFO]: Saving chunks for level 'New World'/overworld
[17:55:08] [Server thread/INFO]: Saving chunks for level 'New World'/the_nether
[17:55:08] [Server thread/INFO]: Saving chunks for level 'New World'/the_end
[17:55:08] [Server thread/INFO]: Stopping server
[17:55:08] [Server thread/INFO]: Saving players
[17:55:08] [Server thread/INFO]: Player39 lost connection: Disconnected
[17:55:08] [Server thread/INFO]: Player39 left the game
[17:55:08] [Server thread/INFO]: Stopping singleplayer server as player logged out
[17:55:08] [Server thread/INFO]: Saving worlds
[17:55:08] [Server thread/INFO]: Saving chunks for level 'New World'/overworld
[17:55:08] [Server thread/INFO]: Saving chunks for level 'New World'/the_nether
[17:55:08] [Server thread/INFO]: Saving chunks for level 'New World'/the_end
[17:55:09] [Client thread/INFO]: Stopping!
[17:55:09] [Client thread/INFO]: SoundSystem shutting down...
[17:55:09] [Client thread/WARN]: Author: Paul Lamb, www.paulscode.com
